<?xml version="1.0" encoding="UTF-8"?>
<!-- Generated by org.testng.reporters.JUnitReportReporter -->
<testsuite hostname="VDL171" failures="0" tests="1" name="Runner.RunnerTest" time="39.971" errors="0" timestamp="2025-04-05T23:25:38 IST" skipped="0">
  <testcase classname="Runner.RunnerTest" name="runScenario" time="39.971"/>
  <system-out/>
</testsuite> <!-- Runner.RunnerTest -->
