<?xml version="1.0" encoding="UTF-8"?>
<!-- Generated by org.testng.reporters.JUnitReportReporter -->
<testsuite hostname="VDL171" failures="0" tests="3" name="Runner.RunnerTest" time="41.761" errors="0" timestamp="2025-04-06T04:22:45 IST" skipped="0">
  <testcase classname="Runner.RunnerTest" name="runScenario" time="14.126"/>
  <system-out/>
  <testcase classname="Runner.RunnerTest" name="runScenario" time="15.458"/>
  <system-out/>
  <testcase classname="Runner.RunnerTest" name="runScenario" time="12.177"/>
  <system-out/>
</testsuite> <!-- Runner.RunnerTest -->
